{"message":"Waiting for MongoDB on \"localhost:27017\"","level":"info","timestamp":"2021-06-15T20:47:20.726Z"}
{"message":"Listening on Port: 3000","level":"info","timestamp":"2021-06-15T20:47:20.739Z"}
{"message":"Connecting to MongoDB on \"mongodb://localhost:27017/notes?authSource=admin\"","level":"info","timestamp":"2021-06-15T20:47:20.777Z"}
{"message":"Connected to MongoDB on \"mongodb://localhost:27017/notes?authSource=admin\"","level":"info","timestamp":"2021-06-15T20:47:20.856Z"}
{"message":"Waiting for MongoDB on \"db:27017\"","level":"info","timestamp":"2021-06-15T20:57:45.996Z"}
{"message":"Listening on Port: 3000","level":"info","timestamp":"2021-06-15T20:57:46.019Z"}
{"message":"Connecting to MongoDB on \"mongodb://root:secret@db:27017/notes?authSource=admin\"","level":"info","timestamp":"2021-06-15T20:57:49.057Z"}
{"message":"Connected to MongoDB on \"mongodb://root:secret@db:27017/notes?authSource=admin\"","level":"info","timestamp":"2021-06-15T20:57:49.263Z"}
{"message":"Waiting for MongoDB on \"db:27017\"","level":"info","timestamp":"2021-06-16T10:29:51.704Z"}
{"message":"Listening on Port: 3000","level":"info","timestamp":"2021-06-16T10:29:51.745Z"}
{"message":"Connecting to MongoDB on \"mongodb://root:secret@db:27017/notes?authSource=admin\"","level":"info","timestamp":"2021-06-16T10:29:52.784Z"}
{"message":"Connected to MongoDB on \"mongodb://root:secret@db:27017/notes?authSource=admin\"","level":"info","timestamp":"2021-06-16T10:29:52.958Z"}
{"message":"Waiting for MongoDB on \"db:27017\"","level":"info","timestamp":"2021-06-16T10:38:36.368Z"}
{"message":"Listening on Port: 3000","level":"info","timestamp":"2021-06-16T10:38:36.400Z"}
{"message":"Connecting to MongoDB on \"mongodb://root:secret@db:27017/notes?authSource=admin\"","level":"info","timestamp":"2021-06-16T10:38:39.456Z"}
{"message":"Connected to MongoDB on \"mongodb://root:secret@db:27017/notes?authSource=admin\"","level":"info","timestamp":"2021-06-16T10:38:39.640Z"}
{"message":"Waiting for MongoDB on \"localhost:27017\"","level":"info","timestamp":"2021-07-12T15:26:05.036Z"}
{"message":"Listening on Port: 3000","level":"info","timestamp":"2021-07-12T15:26:05.056Z"}
{"message":"Failed to add MongoDB Winston logging transport.","level":"error","timestamp":"2021-07-12T15:26:14.193Z"}
{"message":"Failed to contact MongoDB on \"localhost:27017\"","level":"error","timestamp":"2021-07-12T15:26:15.197Z"}
{"message":"Waiting for MongoDB on \"localhost:27017\"","level":"info","timestamp":"2021-07-12T15:27:14.344Z"}
{"message":"Listening on Port: 3000","level":"info","timestamp":"2021-07-12T15:27:14.356Z"}
{"message":"Connecting to MongoDB on \"mongodb://localhost:27017/notes?authSource=admin\"","level":"info","timestamp":"2021-07-12T15:27:14.387Z"}
{"message":"Connected to MongoDB on \"mongodb://localhost:27017/notes?authSource=admin\"","level":"info","timestamp":"2021-07-12T15:27:14.468Z"}
{"message":"Waiting for MongoDB on \"localhost:27017\"","level":"info","timestamp":"2021-07-12T16:27:53.228Z"}
{"message":"Listening on Port: 3000","level":"info","timestamp":"2021-07-12T16:27:53.244Z"}
{"message":"Connecting to MongoDB on \"mongodb://localhost:27017/notes?authSource=admin\"","level":"info","timestamp":"2021-07-12T16:27:53.268Z"}
{"message":"Connected to MongoDB on \"mongodb://localhost:27017/notes?authSource=admin\"","level":"info","timestamp":"2021-07-12T16:27:53.356Z"}
{"message":"Waiting for MongoDB on \"localhost:27017\"","level":"info","timestamp":"2021-07-12T16:45:01.152Z"}
{"message":"Listening on Port: 3000","level":"info","timestamp":"2021-07-12T16:45:01.166Z"}
{"message":"Connecting to MongoDB on \"mongodb://localhost:27017/notes?authSource=admin\"","level":"info","timestamp":"2021-07-12T16:45:01.178Z"}
{"message":"Connected to MongoDB on \"mongodb://localhost:27017/notes?authSource=admin\"","level":"info","timestamp":"2021-07-12T16:45:01.245Z"}
{"message":"Waiting for MongoDB on \"localhost:27017\"","level":"info","timestamp":"2021-07-16T16:33:14.762Z"}
{"message":"Listening on Port: 3000","level":"info","timestamp":"2021-07-16T16:33:14.930Z"}
{"message":"Failed to add MongoDB Winston logging transport.","level":"error","timestamp":"2021-07-16T16:33:17.045Z"}
{"message":"Failed to contact MongoDB on \"localhost:27017\"","level":"error","timestamp":"2021-07-16T16:33:25.510Z"}
{"message":"Waiting for MongoDB on \"localhost:27017\"","level":"info","timestamp":"2021-07-16T16:35:53.633Z"}
{"message":"Listening on Port: 3000","level":"info","timestamp":"2021-07-16T16:35:53.648Z"}
{"message":"Connecting to MongoDB on \"mongodb://localhost:27017/notes?authSource=admin\"","level":"info","timestamp":"2021-07-16T16:35:53.687Z"}
{"message":"Connected to MongoDB on \"mongodb://localhost:27017/notes?authSource=admin\"","level":"info","timestamp":"2021-07-16T16:35:53.774Z"}
{"message":"Waiting for MongoDB on \"localhost:27017\"","level":"info","timestamp":"2021-07-16T17:43:27.570Z"}
{"message":"Listening on Port: 3010","level":"info","timestamp":"2021-07-16T17:43:27.588Z"}
{"message":"Connecting to MongoDB on \"mongodb://localhost:27017/notes?authSource=admin\"","level":"info","timestamp":"2021-07-16T17:43:27.610Z"}
{"message":"Connected to MongoDB on \"mongodb://localhost:27017/notes?authSource=admin\"","level":"info","timestamp":"2021-07-16T17:43:27.715Z"}
{"message":"Waiting for MongoDB on \"localhost:27017\"","level":"info","timestamp":"2021-07-16T19:20:28.747Z"}
{"message":"Listening on Port: 3010","level":"info","timestamp":"2021-07-16T19:20:38.915Z"}
{"message":"Failed to add MongoDB Winston logging transport.","level":"error","timestamp":"2021-07-16T19:20:38.922Z"}
{"message":"Failed to contact MongoDB on \"localhost:27017\"","level":"error","timestamp":"2021-07-16T19:20:38.927Z"}
{"message":"Waiting for MongoDB on \"localhost:27017\"","level":"info","timestamp":"2021-07-16T19:21:32.431Z"}
{"message":"Listening on Port: 3010","level":"info","timestamp":"2021-07-16T19:21:32.449Z"}
{"message":"Connecting to MongoDB on \"mongodb://localhost:27017/notes?authSource=admin\"","level":"info","timestamp":"2021-07-16T19:21:32.459Z"}
{"message":"Connected to MongoDB on \"mongodb://localhost:27017/notes?authSource=admin\"","level":"info","timestamp":"2021-07-16T19:21:32.530Z"}
{"message":"createNote failed validation: \"attachment\" must be a string","level":"info","timestamp":"2021-07-19T15:12:02.067Z"}
{"message":"createNote failed validation: \"attachment\" is not allowed to be empty","level":"info","timestamp":"2021-07-19T15:13:39.473Z"}
{"error":{"diagnosticText":"\u001b[96msrc/controllers/notes.ts\u001b[0m:\u001b[93m13\u001b[0m:\u001b[93m36\u001b[0m - \u001b[91merror\u001b[0m\u001b[90m TS1005: \u001b[0m',' expected.\r\n\r\n\u001b[7m13\u001b[0m     createdAt: new Date().getTime();\r\n\u001b[7m  \u001b[0m \u001b[91m                                   ~\u001b[0m\r\n","diagnosticCodes":[1005]},"level":"error","message":"uncaughtException: тип Unable to compile TypeScript:\n\u001b[96msrc/controllers/notes.ts\u001b[0m:\u001b[93m13\u001b[0m:\u001b[93m36\u001b[0m - \u001b[91merror\u001b[0m\u001b[90m TS1005: \u001b[0m',' expected.\r\n\r\n\u001b[7m13\u001b[0m     createdAt: new Date().getTime();\r\n\u001b[7m  \u001b[0m \u001b[91m                                   ~\u001b[0m\r\n\nTSError: тип Unable to compile TypeScript:\n\u001b[96msrc/controllers/notes.ts\u001b[0m:\u001b[93m13\u001b[0m:\u001b[93m36\u001b[0m - \u001b[91merror\u001b[0m\u001b[90m TS1005: \u001b[0m',' expected.\r\n\r\n\u001b[7m13\u001b[0m     createdAt: new Date().getTime();\r\n\u001b[7m  \u001b[0m \u001b[91m                                   ~\u001b[0m\r\n\n    at createTSError (C:\\dev\\wsrc\\node\\ts-notes-nosql\\node_modules\\ts-node\\src\\index.ts:513:12)\n    at reportTSError (C:\\dev\\wsrc\\node\\ts-notes-nosql\\node_modules\\ts-node\\src\\index.ts:517:19)\n    at getOutput (C:\\dev\\wsrc\\node\\ts-notes-nosql\\node_modules\\ts-node\\src\\index.ts:752:36)\n    at Object.compile (C:\\dev\\wsrc\\node\\ts-notes-nosql\\node_modules\\ts-node\\src\\index.ts:968:32)\n    at Module.m._compile (C:\\dev\\wsrc\\node\\ts-notes-nosql\\node_modules\\ts-node\\src\\index.ts:1056:42)\n    at Module._extensions..js (internal/modules/cjs/loader.js:1097:10)\n    at Object.require.extensions.<computed> [as .ts] (C:\\dev\\wsrc\\node\\ts-notes-nosql\\node_modules\\ts-node\\src\\index.ts:1059:12)\n    at Module.load (internal/modules/cjs/loader.js:933:32)\n    at Function.Module._load (internal/modules/cjs/loader.js:774:14)\n    at Module.require (internal/modules/cjs/loader.js:957:19)\n    at require (internal/modules/cjs/helpers.js:88:18)\n    at Object.<anonymous> (C:\\dev\\wsrc\\node\\ts-notes-nosql\\src\\routes\\notes.ts:2:1)\n    at Module._compile (internal/modules/cjs/loader.js:1068:30)\n    at Module.m._compile (C:\\dev\\wsrc\\node\\ts-notes-nosql\\node_modules\\ts-node\\src\\index.ts:1056:23)\n    at Module._extensions..js (internal/modules/cjs/loader.js:1097:10)\n    at Object.require.extensions.<computed> [as .ts] (C:\\dev\\wsrc\\node\\ts-notes-nosql\\node_modules\\ts-node\\src\\index.ts:1059:12)","stack":"TSError: тип Unable to compile TypeScript:\n\u001b[96msrc/controllers/notes.ts\u001b[0m:\u001b[93m13\u001b[0m:\u001b[93m36\u001b[0m - \u001b[91merror\u001b[0m\u001b[90m TS1005: \u001b[0m',' expected.\r\n\r\n\u001b[7m13\u001b[0m     createdAt: new Date().getTime();\r\n\u001b[7m  \u001b[0m \u001b[91m                                   ~\u001b[0m\r\n\n    at createTSError (C:\\dev\\wsrc\\node\\ts-notes-nosql\\node_modules\\ts-node\\src\\index.ts:513:12)\n    at reportTSError (C:\\dev\\wsrc\\node\\ts-notes-nosql\\node_modules\\ts-node\\src\\index.ts:517:19)\n    at getOutput (C:\\dev\\wsrc\\node\\ts-notes-nosql\\node_modules\\ts-node\\src\\index.ts:752:36)\n    at Object.compile (C:\\dev\\wsrc\\node\\ts-notes-nosql\\node_modules\\ts-node\\src\\index.ts:968:32)\n    at Module.m._compile (C:\\dev\\wsrc\\node\\ts-notes-nosql\\node_modules\\ts-node\\src\\index.ts:1056:42)\n    at Module._extensions..js (internal/modules/cjs/loader.js:1097:10)\n    at Object.require.extensions.<computed> [as .ts] (C:\\dev\\wsrc\\node\\ts-notes-nosql\\node_modules\\ts-node\\src\\index.ts:1059:12)\n    at Module.load (internal/modules/cjs/loader.js:933:32)\n    at Function.Module._load (internal/modules/cjs/loader.js:774:14)\n    at Module.require (internal/modules/cjs/loader.js:957:19)\n    at require (internal/modules/cjs/helpers.js:88:18)\n    at Object.<anonymous> (C:\\dev\\wsrc\\node\\ts-notes-nosql\\src\\routes\\notes.ts:2:1)\n    at Module._compile (internal/modules/cjs/loader.js:1068:30)\n    at Module.m._compile (C:\\dev\\wsrc\\node\\ts-notes-nosql\\node_modules\\ts-node\\src\\index.ts:1056:23)\n    at Module._extensions..js (internal/modules/cjs/loader.js:1097:10)\n    at Object.require.extensions.<computed> [as .ts] (C:\\dev\\wsrc\\node\\ts-notes-nosql\\node_modules\\ts-node\\src\\index.ts:1059:12)","exception":true,"date":"Mon Jul 19 2021 16:22:30 GMT+0100 (British Summer Time)","process":{"pid":25756,"uid":null,"gid":null,"cwd":"C:\\dev\\wsrc\\node\\ts-notes-nosql","execPath":"C:\\Program Files\\nodejs\\node.exe","version":"v14.17.0","argv":["C:\\dev\\wsrc\\node\\ts-notes-nosql\\node_modules\\ts-node\\dist\\bin.js","C:\\dev\\wsrc\\node\\ts-notes-nosql\\src\\app.ts"],"memoryUsage":{"rss":251752448,"heapTotal":209731584,"heapUsed":186006336,"external":20622619,"arrayBuffers":18384432}},"os":{"loadavg":[0,0,0],"uptime":364384},"trace":[{"column":12,"file":"C:\\dev\\wsrc\\node\\ts-notes-nosql\\node_modules\\ts-node\\src\\index.ts","function":"createTSError","line":513,"method":null,"native":false},{"column":19,"file":"C:\\dev\\wsrc\\node\\ts-notes-nosql\\node_modules\\ts-node\\src\\index.ts","function":"reportTSError","line":517,"method":null,"native":false},{"column":36,"file":"C:\\dev\\wsrc\\node\\ts-notes-nosql\\node_modules\\ts-node\\src\\index.ts","function":"getOutput","line":752,"method":null,"native":false},{"column":32,"file":"C:\\dev\\wsrc\\node\\ts-notes-nosql\\node_modules\\ts-node\\src\\index.ts","function":"Object.compile","line":968,"method":"compile","native":false},{"column":42,"file":"C:\\dev\\wsrc\\node\\ts-notes-nosql\\node_modules\\ts-node\\src\\index.ts","function":"Module.m._compile","line":1056,"method":"_compile","native":false},{"column":10,"file":"internal/modules/cjs/loader.js","function":"Module._extensions..js","line":1097,"method":".js","native":false},{"column":12,"file":"C:\\dev\\wsrc\\node\\ts-notes-nosql\\node_modules\\ts-node\\src\\index.ts","function":"Object.require.extensions.<computed> [as .ts]","line":1059,"method":"ts]","native":false},{"column":32,"file":"internal/modules/cjs/loader.js","function":"Module.load","line":933,"method":"load","native":false},{"column":14,"file":"internal/modules/cjs/loader.js","function":"Module._load","line":774,"method":"_load","native":false},{"column":19,"file":"internal/modules/cjs/loader.js","function":"Module.require","line":957,"method":"require","native":false},{"column":18,"file":"internal/modules/cjs/helpers.js","function":"require","line":88,"method":null,"native":false},{"column":1,"file":"C:\\dev\\wsrc\\node\\ts-notes-nosql\\src\\routes\\notes.ts","function":null,"line":2,"method":null,"native":false},{"column":30,"file":"internal/modules/cjs/loader.js","function":"Module._compile","line":1068,"method":"_compile","native":false},{"column":23,"file":"C:\\dev\\wsrc\\node\\ts-notes-nosql\\node_modules\\ts-node\\src\\index.ts","function":"Module.m._compile","line":1056,"method":"_compile","native":false},{"column":10,"file":"internal/modules/cjs/loader.js","function":"Module._extensions..js","line":1097,"method":".js","native":false},{"column":12,"file":"C:\\dev\\wsrc\\node\\ts-notes-nosql\\node_modules\\ts-node\\src\\index.ts","function":"Object.require.extensions.<computed> [as .ts]","line":1059,"method":"ts]","native":false}],"timestamp":"2021-07-19T15:22:30.855Z"}
{"message":"Waiting for MongoDB on \"localhost:27017\"","level":"info","timestamp":"2021-07-19T15:22:47.642Z"}
{"message":"Listening on Port: 3010","level":"info","timestamp":"2021-07-19T15:22:47.657Z"}
{"message":"Connecting to MongoDB on \"mongodb://localhost:27017/notes?authSource=admin\"","level":"info","timestamp":"2021-07-19T15:22:47.684Z"}
{"message":"Connected to MongoDB on \"mongodb://localhost:27017/notes?authSource=admin\"","level":"info","timestamp":"2021-07-19T15:22:47.770Z"}
{"message":"createNote failed validation: \"createdAt\" is not allowed","level":"info","timestamp":"2021-07-19T15:23:17.880Z"}
{"message":"Waiting for MongoDB on \"localhost:27017\"","level":"info","timestamp":"2021-07-19T15:25:01.375Z"}
{"message":"Listening on Port: 3010","level":"info","timestamp":"2021-07-19T15:25:01.389Z"}
{"message":"Connecting to MongoDB on \"mongodb://localhost:27017/notes?authSource=admin\"","level":"info","timestamp":"2021-07-19T15:25:01.401Z"}
{"message":"Connected to MongoDB on \"mongodb://localhost:27017/notes?authSource=admin\"","level":"info","timestamp":"2021-07-19T15:25:01.480Z"}
{"message":"Waiting for MongoDB on \"localhost:27017\"","level":"info","timestamp":"2021-07-19T15:25:32.199Z"}
{"message":"Listening on Port: 3010","level":"info","timestamp":"2021-07-19T15:25:32.213Z"}
{"message":"Connecting to MongoDB on \"mongodb://localhost:27017/notes?authSource=admin\"","level":"info","timestamp":"2021-07-19T15:25:32.266Z"}
{"message":"Connected to MongoDB on \"mongodb://localhost:27017/notes?authSource=admin\"","level":"info","timestamp":"2021-07-19T15:25:32.413Z"}
{"message":"createNote failed validation: \"createAt\" is required,\"createdAt\" is not allowed","level":"info","timestamp":"2021-07-19T15:25:51.480Z"}
{"message":"Waiting for MongoDB on \"localhost:27017\"","level":"info","timestamp":"2021-07-19T15:26:27.740Z"}
{"message":"Listening on Port: 3010","level":"info","timestamp":"2021-07-19T15:26:27.756Z"}
{"message":"Connecting to MongoDB on \"mongodb://localhost:27017/notes?authSource=admin\"","level":"info","timestamp":"2021-07-19T15:26:27.815Z"}
{"message":"Connected to MongoDB on \"mongodb://localhost:27017/notes?authSource=admin\"","level":"info","timestamp":"2021-07-19T15:26:28.040Z"}
{"message":"Waiting for MongoDB on \"localhost:27017\"","level":"info","timestamp":"2021-07-19T15:28:39.839Z"}
{"message":"Listening on Port: 3010","level":"info","timestamp":"2021-07-19T15:28:39.864Z"}
{"message":"Connecting to MongoDB on \"mongodb://localhost:27017/notes?authSource=admin\"","level":"info","timestamp":"2021-07-19T15:28:39.912Z"}
{"message":"Connected to MongoDB on \"mongodb://localhost:27017/notes?authSource=admin\"","level":"info","timestamp":"2021-07-19T15:28:40.039Z"}
{"message":"Waiting for MongoDB on \"localhost:27017\"","level":"info","timestamp":"2021-07-19T15:29:06.483Z"}
{"message":"Listening on Port: 3010","level":"info","timestamp":"2021-07-19T15:29:06.495Z"}
{"message":"Connecting to MongoDB on \"mongodb://localhost:27017/notes?authSource=admin\"","level":"info","timestamp":"2021-07-19T15:29:06.524Z"}
{"message":"Connected to MongoDB on \"mongodb://localhost:27017/notes?authSource=admin\"","level":"info","timestamp":"2021-07-19T15:29:06.655Z"}
{"message":"Waiting for MongoDB on \"localhost:27017\"","level":"info","timestamp":"2021-07-19T15:32:46.491Z"}
{"message":"Listening on Port: 3010","level":"info","timestamp":"2021-07-19T15:32:46.514Z"}
{"message":"Connecting to MongoDB on \"mongodb://localhost:27017/notes?authSource=admin\"","level":"info","timestamp":"2021-07-19T15:32:46.536Z"}
{"message":"Connected to MongoDB on \"mongodb://localhost:27017/notes?authSource=admin\"","level":"info","timestamp":"2021-07-19T15:32:46.648Z"}
{"message":"Waiting for MongoDB on \"localhost:27017\"","level":"info","timestamp":"2021-07-19T15:34:01.207Z"}
{"message":"Listening on Port: 3010","level":"info","timestamp":"2021-07-19T15:34:01.241Z"}
{"message":"Connecting to MongoDB on \"mongodb://localhost:27017/notes?authSource=admin\"","level":"info","timestamp":"2021-07-19T15:34:01.255Z"}
{"message":"Connected to MongoDB on \"mongodb://localhost:27017/notes?authSource=admin\"","level":"info","timestamp":"2021-07-19T15:34:01.392Z"}
{"message":"createNote failed validation: \"attachment\" must be a string","level":"info","timestamp":"2021-07-19T15:34:08.969Z"}
{"message":"createNote failed validation: \"attachment\" is not allowed to be empty","level":"info","timestamp":"2021-07-19T15:38:30.286Z"}
{"message":"createNote failed validation: \"attachment\" must be a string","level":"info","timestamp":"2021-07-19T15:42:55.168Z"}
{"message":"Waiting for MongoDB on \"localhost:27017\"","level":"info","timestamp":"2021-07-19T15:49:19.973Z"}
{"message":"Listening on Port: 3010","level":"info","timestamp":"2021-07-19T15:49:19.987Z"}
{"message":"Connecting to MongoDB on \"mongodb://localhost:27017/notes?authSource=admin\"","level":"info","timestamp":"2021-07-19T15:49:19.995Z"}
{"message":"Connected to MongoDB on \"mongodb://localhost:27017/notes?authSource=admin\"","level":"info","timestamp":"2021-07-19T15:49:20.073Z"}
{"message":"createNote failed validation: \"attachment\" is not allowed","level":"info","timestamp":"2021-07-19T15:49:25.054Z"}
{"message":"Waiting for MongoDB on \"localhost:27017\"","level":"info","timestamp":"2021-07-19T15:51:28.776Z"}
{"message":"Listening on Port: 3010","level":"info","timestamp":"2021-07-19T15:51:28.787Z"}
{"message":"Connecting to MongoDB on \"mongodb://localhost:27017/notes?authSource=admin\"","level":"info","timestamp":"2021-07-19T15:51:28.796Z"}
{"message":"Connected to MongoDB on \"mongodb://localhost:27017/notes?authSource=admin\"","level":"info","timestamp":"2021-07-19T15:51:28.853Z"}
{"message":"createNote failed validation: \"attachment\" must be a string","level":"info","timestamp":"2021-07-19T15:51:30.744Z"}
{"message":"Waiting for MongoDB on \"localhost:27017\"","level":"info","timestamp":"2021-07-19T15:52:36.660Z"}
{"message":"Listening on Port: 3010","level":"info","timestamp":"2021-07-19T15:52:36.674Z"}
{"message":"Connecting to MongoDB on \"mongodb://localhost:27017/notes?authSource=admin\"","level":"info","timestamp":"2021-07-19T15:52:36.701Z"}
{"message":"Connected to MongoDB on \"mongodb://localhost:27017/notes?authSource=admin\"","level":"info","timestamp":"2021-07-19T15:52:36.776Z"}
{"message":"createNote failed validation: \"attachment\" must be a string","level":"info","timestamp":"2021-07-19T15:52:41.990Z"}
{"message":"Waiting for MongoDB on \"localhost:27017\"","level":"info","timestamp":"2021-07-19T15:56:03.645Z"}
{"message":"Listening on Port: 3010","level":"info","timestamp":"2021-07-19T15:56:03.658Z"}
{"message":"Connecting to MongoDB on \"mongodb://localhost:27017/notes?authSource=admin\"","level":"info","timestamp":"2021-07-19T15:56:03.685Z"}
{"message":"Connected to MongoDB on \"mongodb://localhost:27017/notes?authSource=admin\"","level":"info","timestamp":"2021-07-19T15:56:03.768Z"}
{"message":"Waiting for MongoDB on \"localhost:27017\"","level":"info","timestamp":"2021-07-19T16:23:27.610Z"}
{"message":"Listening on Port: 3010","level":"info","timestamp":"2021-07-19T16:23:27.623Z"}
{"message":"Connecting to MongoDB on \"mongodb://localhost:27017/notes?authSource=admin\"","level":"info","timestamp":"2021-07-19T16:23:27.634Z"}
{"message":"Connected to MongoDB on \"mongodb://localhost:27017/notes?authSource=admin\"","level":"info","timestamp":"2021-07-19T16:23:27.702Z"}
{"stringValue":"\"passport-cert-copy.pdf\"","kind":"ObjectId","value":"passport-cert-copy.pdf","path":"_id","reason":{},"valueType":"string","level":"error","message":"Cast to ObjectId failed for value \"passport-cert-copy.pdf\" (type string) at path \"_id\" for model \"Note\" Cast to ObjectId failed for value \"passport-cert-copy.pdf\" (type string) at path \"_id\" for model \"Note\"","stack":"CastError: Cast to ObjectId failed for value \"passport-cert-copy.pdf\" (type string) at path \"_id\" for model \"Note\"\n    at model.Query.exec (C:\\dev\\wsrc\\node\\ts-notes-nosql\\node_modules\\mongoose\\lib\\query.js:4473:21)\n    at model.Query.Query.then (C:\\dev\\wsrc\\node\\ts-notes-nosql\\node_modules\\mongoose\\lib\\query.js:4567:15)\n    at runMicrotasks (<anonymous>)\n    at processTicksAndRejections (internal/process/task_queues.js:95:5)","timestamp":"2021-07-19T17:49:54.851Z"}
{"stringValue":"\"passport-cert-copy.pdf\"","kind":"ObjectId","value":"passport-cert-copy.pdf","path":"_id","reason":{},"valueType":"string","level":"error","message":"Cast to ObjectId failed for value \"passport-cert-copy.pdf\" (type string) at path \"_id\" for model \"Note\" Cast to ObjectId failed for value \"passport-cert-copy.pdf\" (type string) at path \"_id\" for model \"Note\"","stack":"CastError: Cast to ObjectId failed for value \"passport-cert-copy.pdf\" (type string) at path \"_id\" for model \"Note\"\n    at model.Query.exec (C:\\dev\\wsrc\\node\\ts-notes-nosql\\node_modules\\mongoose\\lib\\query.js:4473:21)\n    at model.Query.Query.then (C:\\dev\\wsrc\\node\\ts-notes-nosql\\node_modules\\mongoose\\lib\\query.js:4567:15)\n    at runMicrotasks (<anonymous>)\n    at processTicksAndRejections (internal/process/task_queues.js:95:5)","timestamp":"2021-07-19T20:36:31.189Z"}
{"stringValue":"\"passport-cert-copy.pdf\"","kind":"ObjectId","value":"passport-cert-copy.pdf","path":"_id","reason":{},"valueType":"string","level":"error","message":"Cast to ObjectId failed for value \"passport-cert-copy.pdf\" (type string) at path \"_id\" for model \"Note\" Cast to ObjectId failed for value \"passport-cert-copy.pdf\" (type string) at path \"_id\" for model \"Note\"","stack":"CastError: Cast to ObjectId failed for value \"passport-cert-copy.pdf\" (type string) at path \"_id\" for model \"Note\"\n    at model.Query.exec (C:\\dev\\wsrc\\node\\ts-notes-nosql\\node_modules\\mongoose\\lib\\query.js:4473:21)\n    at model.Query.Query.then (C:\\dev\\wsrc\\node\\ts-notes-nosql\\node_modules\\mongoose\\lib\\query.js:4567:15)\n    at runMicrotasks (<anonymous>)\n    at processTicksAndRejections (internal/process/task_queues.js:95:5)","timestamp":"2021-07-19T20:37:55.796Z"}
{"stringValue":"\"passport-cert-copy.pdf\"","kind":"ObjectId","value":"passport-cert-copy.pdf","path":"_id","reason":{},"valueType":"string","level":"error","message":"Cast to ObjectId failed for value \"passport-cert-copy.pdf\" (type string) at path \"_id\" for model \"Note\" Cast to ObjectId failed for value \"passport-cert-copy.pdf\" (type string) at path \"_id\" for model \"Note\"","stack":"CastError: Cast to ObjectId failed for value \"passport-cert-copy.pdf\" (type string) at path \"_id\" for model \"Note\"\n    at model.Query.exec (C:\\dev\\wsrc\\node\\ts-notes-nosql\\node_modules\\mongoose\\lib\\query.js:4473:21)\n    at model.Query.Query.then (C:\\dev\\wsrc\\node\\ts-notes-nosql\\node_modules\\mongoose\\lib\\query.js:4567:15)\n    at runMicrotasks (<anonymous>)\n    at processTicksAndRejections (internal/process/task_queues.js:95:5)","timestamp":"2021-07-19T20:38:37.273Z"}
{"stringValue":"\"passport-cert-copy.pdf\"","kind":"ObjectId","value":"passport-cert-copy.pdf","path":"_id","reason":{},"valueType":"string","level":"error","message":"Cast to ObjectId failed for value \"passport-cert-copy.pdf\" (type string) at path \"_id\" for model \"Note\" Cast to ObjectId failed for value \"passport-cert-copy.pdf\" (type string) at path \"_id\" for model \"Note\"","stack":"CastError: Cast to ObjectId failed for value \"passport-cert-copy.pdf\" (type string) at path \"_id\" for model \"Note\"\n    at model.Query.exec (C:\\dev\\wsrc\\node\\ts-notes-nosql\\node_modules\\mongoose\\lib\\query.js:4473:21)\n    at model.Query.Query.then (C:\\dev\\wsrc\\node\\ts-notes-nosql\\node_modules\\mongoose\\lib\\query.js:4567:15)\n    at runMicrotasks (<anonymous>)\n    at processTicksAndRejections (internal/process/task_queues.js:95:5)","timestamp":"2021-07-19T21:03:27.847Z"}
{"stringValue":"\"passport-cert-copy.pdf\"","kind":"ObjectId","value":"passport-cert-copy.pdf","path":"_id","reason":{},"valueType":"string","level":"error","message":"Cast to ObjectId failed for value \"passport-cert-copy.pdf\" (type string) at path \"_id\" for model \"Note\" Cast to ObjectId failed for value \"passport-cert-copy.pdf\" (type string) at path \"_id\" for model \"Note\"","stack":"CastError: Cast to ObjectId failed for value \"passport-cert-copy.pdf\" (type string) at path \"_id\" for model \"Note\"\n    at model.Query.exec (C:\\dev\\wsrc\\node\\ts-notes-nosql\\node_modules\\mongoose\\lib\\query.js:4473:21)\n    at model.Query.Query.then (C:\\dev\\wsrc\\node\\ts-notes-nosql\\node_modules\\mongoose\\lib\\query.js:4567:15)\n    at runMicrotasks (<anonymous>)\n    at processTicksAndRejections (internal/process/task_queues.js:95:5)","timestamp":"2021-07-19T21:04:22.886Z"}
{"stringValue":"\"passport-cert-copy.pdf\"","kind":"ObjectId","value":"passport-cert-copy.pdf","path":"_id","reason":{},"valueType":"string","level":"error","message":"Cast to ObjectId failed for value \"passport-cert-copy.pdf\" (type string) at path \"_id\" for model \"Note\" Cast to ObjectId failed for value \"passport-cert-copy.pdf\" (type string) at path \"_id\" for model \"Note\"","stack":"CastError: Cast to ObjectId failed for value \"passport-cert-copy.pdf\" (type string) at path \"_id\" for model \"Note\"\n    at model.Query.exec (C:\\dev\\wsrc\\node\\ts-notes-nosql\\node_modules\\mongoose\\lib\\query.js:4473:21)\n    at model.Query.Query.then (C:\\dev\\wsrc\\node\\ts-notes-nosql\\node_modules\\mongoose\\lib\\query.js:4567:15)\n    at runMicrotasks (<anonymous>)\n    at processTicksAndRejections (internal/process/task_queues.js:95:5)","timestamp":"2021-07-19T21:04:31.871Z"}
{"stringValue":"\"passport-cert-copy.pdf\"","kind":"ObjectId","value":"passport-cert-copy.pdf","path":"_id","reason":{},"valueType":"string","level":"error","message":"Cast to ObjectId failed for value \"passport-cert-copy.pdf\" (type string) at path \"_id\" for model \"Note\" Cast to ObjectId failed for value \"passport-cert-copy.pdf\" (type string) at path \"_id\" for model \"Note\"","stack":"CastError: Cast to ObjectId failed for value \"passport-cert-copy.pdf\" (type string) at path \"_id\" for model \"Note\"\n    at model.Query.exec (C:\\dev\\wsrc\\node\\ts-notes-nosql\\node_modules\\mongoose\\lib\\query.js:4473:21)\n    at model.Query.Query.then (C:\\dev\\wsrc\\node\\ts-notes-nosql\\node_modules\\mongoose\\lib\\query.js:4567:15)\n    at runMicrotasks (<anonymous>)\n    at processTicksAndRejections (internal/process/task_queues.js:95:5)","timestamp":"2021-07-19T21:04:46.759Z"}
{"stringValue":"\"passport-cert-copy.pdf\"","kind":"ObjectId","value":"passport-cert-copy.pdf","path":"_id","reason":{},"valueType":"string","level":"error","message":"Cast to ObjectId failed for value \"passport-cert-copy.pdf\" (type string) at path \"_id\" for model \"Note\" Cast to ObjectId failed for value \"passport-cert-copy.pdf\" (type string) at path \"_id\" for model \"Note\"","stack":"CastError: Cast to ObjectId failed for value \"passport-cert-copy.pdf\" (type string) at path \"_id\" for model \"Note\"\n    at model.Query.exec (C:\\dev\\wsrc\\node\\ts-notes-nosql\\node_modules\\mongoose\\lib\\query.js:4473:21)\n    at model.Query.Query.then (C:\\dev\\wsrc\\node\\ts-notes-nosql\\node_modules\\mongoose\\lib\\query.js:4567:15)\n    at runMicrotasks (<anonymous>)\n    at processTicksAndRejections (internal/process/task_queues.js:95:5)","timestamp":"2021-07-19T21:05:55.610Z"}
{"stringValue":"\"passport-cert-copy.pdf\"","kind":"ObjectId","value":"passport-cert-copy.pdf","path":"_id","reason":{},"valueType":"string","level":"error","message":"Cast to ObjectId failed for value \"passport-cert-copy.pdf\" (type string) at path \"_id\" for model \"Note\" Cast to ObjectId failed for value \"passport-cert-copy.pdf\" (type string) at path \"_id\" for model \"Note\"","stack":"CastError: Cast to ObjectId failed for value \"passport-cert-copy.pdf\" (type string) at path \"_id\" for model \"Note\"\n    at model.Query.exec (C:\\dev\\wsrc\\node\\ts-notes-nosql\\node_modules\\mongoose\\lib\\query.js:4473:21)\n    at model.Query.Query.then (C:\\dev\\wsrc\\node\\ts-notes-nosql\\node_modules\\mongoose\\lib\\query.js:4567:15)\n    at runMicrotasks (<anonymous>)\n    at processTicksAndRejections (internal/process/task_queues.js:95:5)","timestamp":"2021-07-19T21:11:52.354Z"}
{"message":"updateNote failed validation: \"createdAt\" is required","level":"info","timestamp":"2021-07-19T21:12:39.375Z"}
{"message":"getNote noteId \"60f6a8b844e3435a208085c5\" not found.","level":"info","timestamp":"2021-07-20T10:43:29.641Z"}
{"message":"getNote noteId \"60f5a6943398eb61040ea45e\" not found.","level":"info","timestamp":"2021-07-20T10:43:51.664Z"}
{"message":"getNote noteId \"60f6b4ef44e3435a208085c9\" not found.","level":"info","timestamp":"2021-07-20T11:35:33.567Z"}
